* using log directory ‘/home/natalia/c060svn5/c060/pkg.Rcheck’
* using R version 2.15.2 (2012-10-26)
* using platform: x86_64-pc-linux-gnu (64-bit)
* using session charset: UTF-8
* checking for file ‘pkg/DESCRIPTION’ ... OK
* this is package ‘c060’ version ‘0.15’
* checking package namespace information ... OK
* checking package dependencies ... OK
* checking if this is a source package ... OK
* checking if there is a namespace ... OK
* checking for executable files ... OK
* checking whether package ‘c060’ can be installed ... OK
* checking installed package size ... OK
* checking package directory ... OK
* checking for portable file names ... OK
* checking for sufficient/correct file permissions ... OK
* checking DESCRIPTION meta-information ... OK
* checking top-level files ... OK
* checking for left-over files ... OK
* checking index information ... OK
* checking package subdirectories ... OK
* checking R files for non-ASCII characters ... OK
* checking R files for syntax errors ... OK
* checking whether the package can be loaded ... OK
* checking whether the package can be loaded with stated dependencies ... OK
* checking whether the package can be unloaded cleanly ... OK
* checking whether the namespace can be loaded with stated dependencies ... OK
* checking whether the namespace can be unloaded cleanly ... OK
* checking loading without being on the library search path ... OK
* checking for unstated dependencies in R code ... OK
* checking S3 generic/method consistency ... WARNING
summary:
  function(object, ...)
summary.int.search:
  function(fit, digits, verbose, first.n)

plot:
  function(x, ...)
plot.points.int.search:
  function(summary.int, start.N)

plot:
  function(x, ...)
plot.summary.int.search:
  function(summary.int)

predictProb:
  function(object, response, x, ...)
predictProb.coxnet:
  function(object, x, times, complexity, ...)

predictProb:
  function(object, response, x, ...)
predictProb.glmnet:
  function(object, x, times, complexity, ...)

See section ‘Generic functions and methods’ of the ‘Writing R
Extensions’ manual.
* checking replacement functions ... OK
* checking foreign function calls ... OK
* checking R code for possible problems ... OK
* checking Rd files ... OK
* checking Rd metadata ... OK
* checking Rd cross-references ... OK
* checking for missing documentation entries ... OK
* checking for code/documentation mismatches ... OK
* checking Rd \usage sections ... NOTE
S3 methods shown with full name in documentation object 'PLL.coxnet':
  ‘PLL.coxnet’

S3 methods shown with full name in documentation object 'plot.peperr.curves':
  ‘plot.peperr.curves’

S3 methods shown with full name in documentation object 'plot.summary.int.search':
  ‘plot.summary.int.search’ ‘plot.points.int.search’

S3 methods shown with full name in documentation object 'predictProb.coxnet':
  ‘predictProb.coxnet’

S3 methods shown with full name in documentation object 'predictProb.glmnet':
  ‘predictProb.glmnet’

S3 methods shown with full name in documentation object 'summary.int.search':
  ‘summary.int.search’

The \usage entries for S3 methods should use the \method markup and not
their full name.
See the chapter ‘Writing R documentation files’ in the ‘Writing R
Extensions’ manual.
* checking Rd contents ... OK
* checking for unstated dependencies in examples ... OK
* checking examples ... OK
* checking PDF version of manual ... WARNING
LaTeX errors when creating PDF version.
This typically indicates Rd problems.
* checking PDF version of manual without hyperrefs or index ... ERROR
