Hmm ... looks like a package
This is pdfTeX, Version 3.1415926-1.40.10 (TeX Live 2009/Debian)
entering extended mode
(./Rd2.tex
LaTeX2e <2009/09/24>
Babel <v3.8l> and hyphenation patterns for english, usenglishmax, dumylang, noh
yphenation, loaded.

(/usr/share/texmf-texlive/tex/latex/base/book.cls
Document Class: book 2007/10/19 v1.4h Standard LaTeX document class
(/usr/share/texmf-texlive/tex/latex/base/bk10.clo))
(/usr/share/R/share/texmf/tex/latex/Rd.sty
(/usr/share/texmf-texlive/tex/latex/base/ifthen.sty)
(/usr/share/texmf-texlive/tex/latex/tools/longtable.sty)
(/usr/share/texmf-texlive/tex/latex/tools/bm.sty)
(/usr/share/texmf-texlive/tex/latex/base/alltt.sty)
(/usr/share/texmf-texlive/tex/latex/tools/verbatim.sty)
(/usr/share/texmf-texlive/tex/latex/ltxmisc/url.sty)
(/usr/share/R/share/texmf/tex/latex/upquote.sty
(/usr/share/texmf-texlive/tex/latex/base/textcomp.sty
(/usr/share/texmf-texlive/tex/latex/base/ts1enc.def))) NOT loading ae
(/usr/share/texmf-texlive/tex/latex/base/fontenc.sty
(/usr/share/texmf-texlive/tex/latex/base/t1enc.def))
(/usr/share/texmf-texlive/tex/latex/psnfss/times.sty) NOT loading lmodern)
(/usr/share/texmf-texlive/tex/latex/base/inputenc.sty
(/usr/share/texmf-texlive/tex/latex/base/utf8.def
(/usr/share/texmf-texlive/tex/latex/base/t1enc.dfu)
(/usr/share/texmf-texlive/tex/latex/base/ot1enc.dfu)
(/usr/share/texmf-texlive/tex/latex/base/omsenc.dfu)
(/usr/share/texmf-texlive/tex/latex/base/ts1enc.dfu))
(/usr/share/texmf-texlive/tex/latex/base/latin1.def))
No file Rd2.aux.
(/usr/share/texmf-texlive/tex/latex/base/ts1cmr.fd)
(/usr/share/texmf-texlive/tex/latex/psnfss/t1ptm.fd)
kpathsea: Running mktextfm ptmr8t
mktextfm: Running mf-nowin -progname=mf \mode:=ljfour; mag:=1; nonstopmode; input ptmr8t
This is METAFONT, Version 2.718281 (TeX Live 2009/Debian)

kpathsea: Running mktexmf ptmr8t

! I can't find file `ptmr8t'.
<*> ...:=ljfour; mag:=1; nonstopmode; input ptmr8t
                                                  
Please type another input file name
! Emergency stop.
<*> ...:=ljfour; mag:=1; nonstopmode; input ptmr8t
                                                  
Transcript written on mfput.log.
grep: ptmr8t.log: No such file or directory
mktextfm: `mf-nowin -progname=mf \mode:=ljfour; mag:=1; nonstopmode; input ptmr8t' failed to make ptmr8t.tfm.
kpathsea: Appending font creation commands to missfont.log.

kpathsea: Running mktextfm ptmr8t
mktextfm: Running mf-nowin -progname=mf \mode:=ljfour; mag:=1; nonstopmode; input ptmr8t
This is METAFONT, Version 2.718281 (TeX Live 2009/Debian)

kpathsea: Running mktexmf ptmr8t

! I can't find file `ptmr8t'.
<*> ...:=ljfour; mag:=1; nonstopmode; input ptmr8t
                                                  
Please type another input file name
! Emergency stop.
<*> ...:=ljfour; mag:=1; nonstopmode; input ptmr8t
                                                  
Transcript written on mfput.log.
grep: ptmr8t.log: No such file or directory
mktextfm: `mf-nowin -progname=mf \mode:=ljfour; mag:=1; nonstopmode; input ptmr8t' failed to make ptmr8t.tfm.

kpathsea: Running mktextfm ptmb8t
mktextfm: Running mf-nowin -progname=mf \mode:=ljfour; mag:=1; nonstopmode; input ptmb8t
This is METAFONT, Version 2.718281 (TeX Live 2009/Debian)

kpathsea: Running mktexmf ptmb8t

! I can't find file `ptmb8t'.
<*> ...:=ljfour; mag:=1; nonstopmode; input ptmb8t
                                                  
Please type another input file name
! Emergency stop.
<*> ...:=ljfour; mag:=1; nonstopmode; input ptmb8t
                                                  
Transcript written on mfput.log.
grep: ptmb8t.log: No such file or directory
mktextfm: `mf-nowin -progname=mf \mode:=ljfour; mag:=1; nonstopmode; input ptmb8t' failed to make ptmb8t.tfm.

kpathsea: Running mktextfm nullfont
mktextfm: Running mf-nowin -progname=mf \mode:=ljfour; mag:=1; nonstopmode; input nullfont
This is METAFONT, Version 2.718281 (TeX Live 2009/Debian)

kpathsea: Running mktexmf nullfont

! I can't find file `nullfont'.
<*> ...ljfour; mag:=1; nonstopmode; input nullfont
                                                  
Please type another input file name
! Emergency stop.
<*> ...ljfour; mag:=1; nonstopmode; input nullfont
                                                  
Transcript written on mfput.log.
grep: nullfont.log: No such file or directory
mktextfm: `mf-nowin -progname=mf \mode:=ljfour; mag:=1; nonstopmode; input nullfont' failed to make nullfont.tfm.

kpathsea: Running mktextfm ptmb8t
mktextfm: Running mf-nowin -progname=mf \mode:=ljfour; mag:=1; nonstopmode; input ptmb8t
This is METAFONT, Version 2.718281 (TeX Live 2009/Debian)

kpathsea: Running mktexmf ptmb8t

! I can't find file `ptmb8t'.
<*> ...:=ljfour; mag:=1; nonstopmode; input ptmb8t
                                                  
Please type another input file name
! Emergency stop.
<*> ...:=ljfour; mag:=1; nonstopmode; input ptmb8t
                                                  
Transcript written on mfput.log.
grep: ptmb8t.log: No such file or directory
mktextfm: `mf-nowin -progname=mf \mode:=ljfour; mag:=1; nonstopmode; input ptmb8t' failed to make ptmb8t.tfm.

kpathsea: Running mktextfm nullfont
mktextfm: Running mf-nowin -progname=mf \mode:=ljfour; mag:=1; nonstopmode; input nullfont
This is METAFONT, Version 2.718281 (TeX Live 2009/Debian)

kpathsea: Running mktexmf nullfont

! I can't find file `nullfont'.
<*> ...ljfour; mag:=1; nonstopmode; input nullfont
                                                  
Please type another input file name
! Emergency stop.
<*> ...ljfour; mag:=1; nonstopmode; input nullfont
                                                  
Transcript written on mfput.log.
grep: nullfont.log: No such file or directory
mktextfm: `mf-nowin -progname=mf \mode:=ljfour; mag:=1; nonstopmode; input nullfont' failed to make nullfont.tfm.

kpathsea: Running mktextfm ptmb8t
mktextfm: Running mf-nowin -progname=mf \mode:=ljfour; mag:=1; nonstopmode; input ptmb8t
This is METAFONT, Version 2.718281 (TeX Live 2009/Debian)

kpathsea: Running mktexmf ptmb8t

! I can't find file `ptmb8t'.
<*> ...:=ljfour; mag:=1; nonstopmode; input ptmb8t
                                                  
Please type another input file name
! Emergency stop.
<*> ...:=ljfour; mag:=1; nonstopmode; input ptmb8t
                                                  
Transcript written on mfput.log.
grep: ptmb8t.log: No such file or directory
mktextfm: `mf-nowin -progname=mf \mode:=ljfour; mag:=1; nonstopmode; input ptmb8t' failed to make ptmb8t.tfm.

kpathsea: Running mktextfm nullfont
mktextfm: Running mf-nowin -progname=mf \mode:=ljfour; mag:=1; nonstopmode; input nullfont
This is METAFONT, Version 2.718281 (TeX Live 2009/Debian)

kpathsea: Running mktexmf nullfont

! I can't find file `nullfont'.
<*> ...ljfour; mag:=1; nonstopmode; input nullfont
                                                  
Please type another input file name
! Emergency stop.
<*> ...ljfour; mag:=1; nonstopmode; input nullfont
                                                  
Transcript written on mfput.log.
grep: nullfont.log: No such file or directory
mktextfm: `mf-nowin -progname=mf \mode:=ljfour; mag:=1; nonstopmode; input nullfont' failed to make nullfont.tfm.

kpathsea: Running mktextfm ptmr8t
mktextfm: Running mf-nowin -progname=mf \mode:=ljfour; mag:=1; nonstopmode; input ptmr8t
This is METAFONT, Version 2.718281 (TeX Live 2009/Debian)

kpathsea: Running mktexmf ptmr8t

! I can't find file `ptmr8t'.
<*> ...:=ljfour; mag:=1; nonstopmode; input ptmr8t
                                                  
Please type another input file name
! Emergency stop.
<*> ...:=ljfour; mag:=1; nonstopmode; input ptmr8t
                                                  
Transcript written on mfput.log.
grep: ptmr8t.log: No such file or directory
mktextfm: `mf-nowin -progname=mf \mode:=ljfour; mag:=1; nonstopmode; input ptmr8t' failed to make ptmr8t.tfm.

! Font T1/ptm/m/n/10=ptmr8t at 10.0pt not loadable: Metric (TFM) file not found
.
<to be read again> 
                   relax 
l.6 \begin{document}
                    
! Font T1/ptm/m/n/24.88=ptmr8t at 24.88pt not loadable: Metric (TFM) file not f
ound.
<to be read again> 
                   relax 
l.7 \chapter*{}
               
! Font T1/ptm/bx/n/24.88=ptmb8t at 24.88pt not loadable: Metric (TFM) file not 
found.
<to be read again> 
                   relax 
l.7 \chapter*{}
               
! Font \T1/ptm/b/n/24.88=nullfont not loadable: Metric (TFM) file not found.
<to be read again> 
                   \relax 
l.7 \chapter*{}
               
! Font T1/ptm/bx/n/10=ptmb8t at 10.0pt not loadable: Metric (TFM) file not foun
d.
<to be read again> 
                   relax 
l.9 {\textbf{\huge Package `c060'}
                                  }
! Font \T1/ptm/b/n/10=nullfont not loadable: Metric (TFM) file not found.
<to be read again> 
                   \relax 
l.9 {\textbf{\huge Package `c060'}
                                  }
! Font T1/ptm/bx/n/20.74=ptmb8t at 20.74pt not loadable: Metric (TFM) file not 
found.
<to be read again> 
                   relax 
l.9 {\textbf{\huge Package `c060'}
                                  }
! Font \T1/ptm/b/n/20.74=nullfont not loadable: Metric (TFM) file not found.
<to be read again> 
                   \relax 
l.9 {\textbf{\huge Package `c060'}
                                  }
! Font T1/ptm/m/n/12=ptmr8t at 12.0pt not loadable: Metric (TFM) file not found
.
<to be read again> 
                   relax 
l.10 \par\bigskip{\large
                         \today}
(/usr/share/texmf-texlive/tex/latex/psnfss/t1pcr.fd)
kpathsea: Running mktextfm pcrr8t
mktextfm: Running mf-nowin -progname=mf \mode:=ljfour; mag:=1; nonstopmode; input pcrr8t
This is METAFONT, Version 2.718281 (TeX Live 2009/Debian)

kpathsea: Running mktexmf pcrr8t

! I can't find file `pcrr8t'.
<*> ...:=ljfour; mag:=1; nonstopmode; input pcrr8t
                                                  
Please type another input file name
! Emergency stop.
<*> ...:=ljfour; mag:=1; nonstopmode; input pcrr8t
                                                  
Transcript written on mfput.log.
grep: pcrr8t.log: No such file or directory
mktextfm: `mf-nowin -progname=mf \mode:=ljfour; mag:=1; nonstopmode; input pcrr8t' failed to make pcrr8t.tfm.

! Font T1/pcr/m/n/10=pcrr8t at 10.0pt not loadable: Metric (TFM) file not found
.
<to be read again> 
                   relax 
l.17 ...]\AsIs{Martin Sill }\email{m.sill@dkfz.de}
                                                  \AsIs{}
No file Rd2.toc.
(/usr/share/texmf-texlive/tex/latex/base/utf8.def)
kpathsea: Running mktextfm ptmr8t
mktextfm: Running mf-nowin -progname=mf \mode:=ljfour; mag:=1; nonstopmode; input ptmr8t
This is METAFONT, Version 2.718281 (TeX Live 2009/Debian)

kpathsea: Running mktexmf ptmr8t

! I can't find file `ptmr8t'.
<*> ...:=ljfour; mag:=1; nonstopmode; input ptmr8t
                                                  
Please type another input file name
! Emergency stop.
<*> ...:=ljfour; mag:=1; nonstopmode; input ptmr8t
                                                  
Transcript written on mfput.log.
grep: ptmr8t.log: No such file or directory
mktextfm: `mf-nowin -progname=mf \mode:=ljfour; mag:=1; nonstopmode; input ptmr8t' failed to make ptmr8t.tfm.

kpathsea: Running mktextfm ptmb8t
mktextfm: Running mf-nowin -progname=mf \mode:=ljfour; mag:=1; nonstopmode; input ptmb8t
This is METAFONT, Version 2.718281 (TeX Live 2009/Debian)

kpathsea: Running mktexmf ptmb8t

! I can't find file `ptmb8t'.
<*> ...:=ljfour; mag:=1; nonstopmode; input ptmb8t
                                                  
Please type another input file name
! Emergency stop.
<*> ...:=ljfour; mag:=1; nonstopmode; input ptmb8t
                                                  
Transcript written on mfput.log.
grep: ptmb8t.log: No such file or directory
mktextfm: `mf-nowin -progname=mf \mode:=ljfour; mag:=1; nonstopmode; input ptmb8t' failed to make ptmb8t.tfm.

kpathsea: Running mktextfm nullfont
mktextfm: Running mf-nowin -progname=mf \mode:=ljfour; mag:=1; nonstopmode; input nullfont
This is METAFONT, Version 2.718281 (TeX Live 2009/Debian)

kpathsea: Running mktexmf nullfont

! I can't find file `nullfont'.
<*> ...ljfour; mag:=1; nonstopmode; input nullfont
                                                  
Please type another input file name
! Emergency stop.
<*> ...ljfour; mag:=1; nonstopmode; input nullfont
                                                  
Transcript written on mfput.log.
grep: nullfont.log: No such file or directory
mktextfm: `mf-nowin -progname=mf \mode:=ljfour; mag:=1; nonstopmode; input nullfont' failed to make nullfont.tfm.

! Font T1/ptm/m/n/14.4=ptmr8t at 14.4pt not loadable: Metric (TFM) file not fou
nd.
<to be read again> 
                   relax 
l.29 ...curve for a fitted model}{aggregation.auc}
                                                  
! Font T1/ptm/bx/n/14.4=ptmb8t at 14.4pt not loadable: Metric (TFM) file not fo
und.
<to be read again> 
                   relax 
l.29 ...curve for a fitted model}{aggregation.auc}
                                                  
! Font \T1/ptm/b/n/14.4=nullfont not loadable: Metric (TFM) file not found.
<to be read again> 
                   \relax 
l.29 ...curve for a fitted model}{aggregation.auc}
                                                  
(/usr/share/texmf-texlive/tex/latex/psnfss/t1phv.fd)
kpathsea: Running mktextfm phvr8t
mktextfm: Running mf-nowin -progname=mf \mode:=ljfour; mag:=1; nonstopmode; input phvr8t
This is METAFONT, Version 2.718281 (TeX Live 2009/Debian)

kpathsea: Running mktexmf phvr8t

! I can't find file `phvr8t'.
<*> ...:=ljfour; mag:=1; nonstopmode; input phvr8t
                                                  
Please type another input file name
! Emergency stop.
<*> ...:=ljfour; mag:=1; nonstopmode; input phvr8t
                                                  
Transcript written on mfput.log.
grep: phvr8t.log: No such file or directory
mktextfm: `mf-nowin -progname=mf \mode:=ljfour; mag:=1; nonstopmode; input phvr8t' failed to make phvr8t.tfm.

kpathsea: Running mktextfm ptmri8t
mktextfm: Running mf-nowin -progname=mf \mode:=ljfour; mag:=1; nonstopmode; input ptmri8t
This is METAFONT, Version 2.718281 (TeX Live 2009/Debian)

kpathsea: Running mktexmf ptmri8t

! I can't find file `ptmri8t'.
<*> ...=ljfour; mag:=1; nonstopmode; input ptmri8t
                                                  
Please type another input file name
! Emergency stop.
<*> ...=ljfour; mag:=1; nonstopmode; input ptmri8t
                                                  
Transcript written on mfput.log.
grep: ptmri8t.log: No such file or directory
mktextfm: `mf-nowin -progname=mf \mode:=ljfour; mag:=1; nonstopmode; input ptmri8t' failed to make ptmri8t.tfm.

! Font T1/phv/m/n/14.4=phvr8t at 14.4pt not loadable: Metric (TFM) file not fou
nd.
<to be read again> 
                   relax 
l.29 ...curve for a fitted model}{aggregation.auc}
                                                  
! Font T1/ptm/m/it/10=ptmri8t at 10.0pt not loadable: Metric (TFM) file not fou
nd.
<to be read again> 
                   relax 
l.29 ...curve for a fitted model}{aggregation.auc}
                                                  
[1] (/usr/share/texmf-texlive/tex/latex/base/utf8.def)
! \textfont 0 is undefined (character h).
\Url@FormatString ...\Url@String \UrlRight \m@th $
                                                  
l.119 ...w.stanford.edu/~hastie/Papers/glmnet.pdf}
                                                  \\{}
! \textfont 0 is undefined (character t).
\Url@FormatString ...\Url@String \UrlRight \m@th $
                                                  
l.119 ...w.stanford.edu/~hastie/Papers/glmnet.pdf}
                                                  \\{}
! \textfont 0 is undefined (character t).
\Url@FormatString ...\Url@String \UrlRight \m@th $
                                                  
l.119 ...w.stanford.edu/~hastie/Papers/glmnet.pdf}
                                                  \\{}
! \textfont 0 is undefined (character p).
\Url@FormatString ...\Url@String \UrlRight \m@th $
                                                  
l.119 ...w.stanford.edu/~hastie/Papers/glmnet.pdf}
                                                  \\{}
! \textfont 0 is undefined (character :).
\Url@FormatString ...\Url@String \UrlRight \m@th $
                                                  
l.119 ...w.stanford.edu/~hastie/Papers/glmnet.pdf}
                                                  \\{}
! \textfont 0 is undefined (character /).
\Url@FormatString ...\Url@String \UrlRight \m@th $
                                                  
l.119 ...w.stanford.edu/~hastie/Papers/glmnet.pdf}
                                                  \\{}
! \textfont 0 is undefined (character /).
\Url@FormatString ...\Url@String \UrlRight \m@th $
                                                  
l.119 ...w.stanford.edu/~hastie/Papers/glmnet.pdf}
                                                  \\{}
! \textfont 0 is undefined (character w).
\Url@FormatString ...\Url@String \UrlRight \m@th $
                                                  
l.119 ...w.stanford.edu/~hastie/Papers/glmnet.pdf}
                                                  \\{}
! \textfont 0 is undefined (character w).
\Url@FormatString ...\Url@String \UrlRight \m@th $
                                                  
l.119 ...w.stanford.edu/~hastie/Papers/glmnet.pdf}
                                                  \\{}
! \textfont 0 is undefined (character w).
\Url@FormatString ...\Url@String \UrlRight \m@th $
                                                  
l.119 ...w.stanford.edu/~hastie/Papers/glmnet.pdf}
                                                  \\{}
! \textfont 0 is undefined (character .).
\Url@FormatString ...\Url@String \UrlRight \m@th $
                                                  
l.119 ...w.stanford.edu/~hastie/Papers/glmnet.pdf}
                                                  \\{}
! \textfont 0 is undefined (character s).
\Url@FormatString ...\Url@String \UrlRight \m@th $
                                                  
l.119 ...w.stanford.edu/~hastie/Papers/glmnet.pdf}
                                                  \\{}
! \textfont 0 is undefined (character t).
\Url@FormatString ...\Url@String \UrlRight \m@th $
                                                  
l.119 ...w.stanford.edu/~hastie/Papers/glmnet.pdf}
                                                  \\{}
! \textfont 0 is undefined (character a).
\Url@FormatString ...\Url@String \UrlRight \m@th $
                                                  
l.119 ...w.stanford.edu/~hastie/Papers/glmnet.pdf}
                                                  \\{}
! \textfont 0 is undefined (character n).
\Url@FormatString ...\Url@String \UrlRight \m@th $
                                                  
l.119 ...w.stanford.edu/~hastie/Papers/glmnet.pdf}
                                                  \\{}
! \textfont 0 is undefined (character f).
\Url@FormatString ...\Url@String \UrlRight \m@th $
                                                  
l.119 ...w.stanford.edu/~hastie/Papers/glmnet.pdf}
                                                  \\{}
! \textfont 0 is undefined (character o).
\Url@FormatString ...\Url@String \UrlRight \m@th $
                                                  
l.119 ...w.stanford.edu/~hastie/Papers/glmnet.pdf}
                                                  \\{}
! \textfont 0 is undefined (character r).
\Url@FormatString ...\Url@String \UrlRight \m@th $
                                                  
l.119 ...w.stanford.edu/~hastie/Papers/glmnet.pdf}
                                                  \\{}
! \textfont 0 is undefined (character d).
\Url@FormatString ...\Url@String \UrlRight \m@th $
                                                  
l.119 ...w.stanford.edu/~hastie/Papers/glmnet.pdf}
                                                  \\{}
! \textfont 0 is undefined (character .).
\Url@FormatString ...\Url@String \UrlRight \m@th $
                                                  
l.119 ...w.stanford.edu/~hastie/Papers/glmnet.pdf}
                                                  \\{}
! \textfont 0 is undefined (character e).
\Url@FormatString ...\Url@String \UrlRight \m@th $
                                                  
l.119 ...w.stanford.edu/~hastie/Papers/glmnet.pdf}
                                                  \\{}
! \textfont 0 is undefined (character d).
\Url@FormatString ...\Url@String \UrlRight \m@th $
                                                  
l.119 ...w.stanford.edu/~hastie/Papers/glmnet.pdf}
                                                  \\{}
! \textfont 0 is undefined (character u).
\Url@FormatString ...\Url@String \UrlRight \m@th $
                                                  
l.119 ...w.stanford.edu/~hastie/Papers/glmnet.pdf}
                                                  \\{}
! \textfont 0 is undefined (character /).
\Url@FormatString ...\Url@String \UrlRight \m@th $
                                                  
l.119 ...w.stanford.edu/~hastie/Papers/glmnet.pdf}
                                                  \\{}
! \textfont 0 is undefined (character ~).
\Url@FormatString ...\Url@String \UrlRight \m@th $
                                                  
l.119 ...w.stanford.edu/~hastie/Papers/glmnet.pdf}
                                                  \\{}
! \textfont 0 is undefined (character h).
\Url@FormatString ...\Url@String \UrlRight \m@th $
                                                  
l.119 ...w.stanford.edu/~hastie/Papers/glmnet.pdf}
                                                  \\{}
! \textfont 0 is undefined (character a).
\Url@FormatString ...\Url@String \UrlRight \m@th $
                                                  
l.119 ...w.stanford.edu/~hastie/Papers/glmnet.pdf}
                                                  \\{}
! \textfont 0 is undefined (character s).
\Url@FormatString ...\Url@String \UrlRight \m@th $
                                                  
l.119 ...w.stanford.edu/~hastie/Papers/glmnet.pdf}
                                                  \\{}
! \textfont 0 is undefined (character t).
\Url@FormatString ...\Url@String \UrlRight \m@th $
                                                  
l.119 ...w.stanford.edu/~hastie/Papers/glmnet.pdf}
                                                  \\{}
! \textfont 0 is undefined (character i).
\Url@FormatString ...\Url@String \UrlRight \m@th $
                                                  
l.119 ...w.stanford.edu/~hastie/Papers/glmnet.pdf}
                                                  \\{}
! \textfont 0 is undefined (character e).
\Url@FormatString ...\Url@String \UrlRight \m@th $
                                                  
l.119 ...w.stanford.edu/~hastie/Papers/glmnet.pdf}
                                                  \\{}
! \textfont 0 is undefined (character /).
\Url@FormatString ...\Url@String \UrlRight \m@th $
                                                  
l.119 ...w.stanford.edu/~hastie/Papers/glmnet.pdf}
                                                  \\{}
! \textfont 0 is undefined (character P).
\Url@FormatString ...\Url@String \UrlRight \m@th $
                                                  
l.119 ...w.stanford.edu/~hastie/Papers/glmnet.pdf}
                                                  \\{}
! \textfont 0 is undefined (character a).
\Url@FormatString ...\Url@String \UrlRight \m@th $
                                                  
l.119 ...w.stanford.edu/~hastie/Papers/glmnet.pdf}
                                                  \\{}
! \textfont 0 is undefined (character p).
\Url@FormatString ...\Url@String \UrlRight \m@th $
                                                  
l.119 ...w.stanford.edu/~hastie/Papers/glmnet.pdf}
                                                  \\{}
! \textfont 0 is undefined (character e).
\Url@FormatString ...\Url@String \UrlRight \m@th $
                                                  
l.119 ...w.stanford.edu/~hastie/Papers/glmnet.pdf}
                                                  \\{}
! \textfont 0 is undefined (character r).
\Url@FormatString ...\Url@String \UrlRight \m@th $
                                                  
l.119 ...w.stanford.edu/~hastie/Papers/glmnet.pdf}
                                                  \\{}
! \textfont 0 is undefined (character s).
\Url@FormatString ...\Url@String \UrlRight \m@th $
                                                  
l.119 ...w.stanford.edu/~hastie/Papers/glmnet.pdf}
                                                  \\{}
! \textfont 0 is undefined (character /).
\Url@FormatString ...\Url@String \UrlRight \m@th $
                                                  
l.119 ...w.stanford.edu/~hastie/Papers/glmnet.pdf}
                                                  \\{}
! \textfont 0 is undefined (character g).
\Url@FormatString ...\Url@String \UrlRight \m@th $
                                                  
l.119 ...w.stanford.edu/~hastie/Papers/glmnet.pdf}
                                                  \\{}
! \textfont 0 is undefined (character l).
\Url@FormatString ...\Url@String \UrlRight \m@th $
                                                  
l.119 ...w.stanford.edu/~hastie/Papers/glmnet.pdf}
                                                  \\{}
! \textfont 0 is undefined (character m).
\Url@FormatString ...\Url@String \UrlRight \m@th $
                                                  
l.119 ...w.stanford.edu/~hastie/Papers/glmnet.pdf}
                                                  \\{}
! \textfont 0 is undefined (character n).
\Url@FormatString ...\Url@String \UrlRight \m@th $
                                                  
l.119 ...w.stanford.edu/~hastie/Papers/glmnet.pdf}
                                                  \\{}
! \textfont 0 is undefined (character e).
\Url@FormatString ...\Url@String \UrlRight \m@th $
                                                  
l.119 ...w.stanford.edu/~hastie/Papers/glmnet.pdf}
                                                  \\{}
! \textfont 0 is undefined (character t).
\Url@FormatString ...\Url@String \UrlRight \m@th $
                                                  
l.119 ...w.stanford.edu/~hastie/Papers/glmnet.pdf}
                                                  \\{}
! \textfont 0 is undefined (character .).
\Url@FormatString ...\Url@String \UrlRight \m@th $
                                                  
l.119 ...w.stanford.edu/~hastie/Papers/glmnet.pdf}
                                                  \\{}
! \textfont 0 is undefined (character p).
\Url@FormatString ...\Url@String \UrlRight \m@th $
                                                  
l.119 ...w.stanford.edu/~hastie/Papers/glmnet.pdf}
                                                  \\{}
! \textfont 0 is undefined (character d).
\Url@FormatString ...\Url@String \UrlRight \m@th $
                                                  
l.119 ...w.stanford.edu/~hastie/Papers/glmnet.pdf}
                                                  \\{}
! \textfont 0 is undefined (character f).
\Url@FormatString ...\Url@String \UrlRight \m@th $
                                                  
l.119 ...w.stanford.edu/~hastie/Papers/glmnet.pdf}
                                                  \\{}
! \textfont 0 is undefined (character h).
\Url@FormatString ...\Url@String \UrlRight \m@th $
                                                  
l.121 \url{http://www.jstatsoft.org/v33/i01/}
                                             \\{}
! \textfont 0 is undefined (character t).
\Url@FormatString ...\Url@String \UrlRight \m@th $
                                                  
l.121 \url{http://www.jstatsoft.org/v33/i01/}
                                             \\{}
! \textfont 0 is undefined (character t).
\Url@FormatString ...\Url@String \UrlRight \m@th $
                                                  
l.121 \url{http://www.jstatsoft.org/v33/i01/}
                                             \\{}
! \textfont 0 is undefined (character p).
\Url@FormatString ...\Url@String \UrlRight \m@th $
                                                  
l.121 \url{http://www.jstatsoft.org/v33/i01/}
                                             \\{}
! \textfont 0 is undefined (character :).
\Url@FormatString ...\Url@String \UrlRight \m@th $
                                                  
l.121 \url{http://www.jstatsoft.org/v33/i01/}
                                             \\{}
! \textfont 0 is undefined (character /).
\Url@FormatString ...\Url@String \UrlRight \m@th $
                                                  
l.121 \url{http://www.jstatsoft.org/v33/i01/}
                                             \\{}
! \textfont 0 is undefined (character /).
\Url@FormatString ...\Url@String \UrlRight \m@th $
                                                  
l.121 \url{http://www.jstatsoft.org/v33/i01/}
                                             \\{}
! \textfont 0 is undefined (character w).
\Url@FormatString ...\Url@String \UrlRight \m@th $
                                                  
l.121 \url{http://www.jstatsoft.org/v33/i01/}
                                             \\{}
! \textfont 0 is undefined (character w).
\Url@FormatString ...\Url@String \UrlRight \m@th $
                                                  
l.121 \url{http://www.jstatsoft.org/v33/i01/}
                                             \\{}
! \textfont 0 is undefined (character w).
\Url@FormatString ...\Url@String \UrlRight \m@th $
                                                  
l.121 \url{http://www.jstatsoft.org/v33/i01/}
                                             \\{}
! \textfont 0 is undefined (character .).
\Url@FormatString ...\Url@String \UrlRight \m@th $
                                                  
l.121 \url{http://www.jstatsoft.org/v33/i01/}
                                             \\{}
! \textfont 0 is undefined (character j).
\Url@FormatString ...\Url@String \UrlRight \m@th $
                                                  
l.121 \url{http://www.jstatsoft.org/v33/i01/}
                                             \\{}
! \textfont 0 is undefined (character s).
\Url@FormatString ...\Url@String \UrlRight \m@th $
                                                  
l.121 \url{http://www.jstatsoft.org/v33/i01/}
                                             \\{}
! \textfont 0 is undefined (character t).
\Url@FormatString ...\Url@String \UrlRight \m@th $
                                                  
l.121 \url{http://www.jstatsoft.org/v33/i01/}
                                             \\{}
! \textfont 0 is undefined (character a).
\Url@FormatString ...\Url@String \UrlRight \m@th $
                                                  
l.121 \url{http://www.jstatsoft.org/v33/i01/}
                                             \\{}
! \textfont 0 is undefined (character t).
\Url@FormatString ...\Url@String \UrlRight \m@th $
                                                  
l.121 \url{http://www.jstatsoft.org/v33/i01/}
                                             \\{}
! \textfont 0 is undefined (character s).
\Url@FormatString ...\Url@String \UrlRight \m@th $
                                                  
l.121 \url{http://www.jstatsoft.org/v33/i01/}
                                             \\{}
! \textfont 0 is undefined (character o).
\Url@FormatString ...\Url@String \UrlRight \m@th $
                                                  
l.121 \url{http://www.jstatsoft.org/v33/i01/}
                                             \\{}
! \textfont 0 is undefined (character f).
\Url@FormatString ...\Url@String \UrlRight \m@th $
                                                  
l.121 \url{http://www.jstatsoft.org/v33/i01/}
                                             \\{}
! \textfont 0 is undefined (character t).
\Url@FormatString ...\Url@String \UrlRight \m@th $
                                                  
l.121 \url{http://www.jstatsoft.org/v33/i01/}
                                             \\{}
! \textfont 0 is undefined (character .).
\Url@FormatString ...\Url@String \UrlRight \m@th $
                                                  
l.121 \url{http://www.jstatsoft.org/v33/i01/}
                                             \\{}
! \textfont 0 is undefined (character o).
\Url@FormatString ...\Url@String \UrlRight \m@th $
                                                  
l.121 \url{http://www.jstatsoft.org/v33/i01/}
                                             \\{}
! \textfont 0 is undefined (character r).
\Url@FormatString ...\Url@String \UrlRight \m@th $
                                                  
l.121 \url{http://www.jstatsoft.org/v33/i01/}
                                             \\{}
! \textfont 0 is undefined (character g).
\Url@FormatString ...\Url@String \UrlRight \m@th $
                                                  
l.121 \url{http://www.jstatsoft.org/v33/i01/}
                                             \\{}
! \textfont 0 is undefined (character /).
\Url@FormatString ...\Url@String \UrlRight \m@th $
                                                  
l.121 \url{http://www.jstatsoft.org/v33/i01/}
                                             \\{}
! \textfont 0 is undefined (character v).
\Url@FormatString ...\Url@String \UrlRight \m@th $
                                                  
l.121 \url{http://www.jstatsoft.org/v33/i01/}
                                             \\{}
! \textfont 0 is undefined (character 3).
\Url@FormatString ...\Url@String \UrlRight \m@th $
                                                  
l.121 \url{http://www.jstatsoft.org/v33/i01/}
                                             \\{}
! \textfont 0 is undefined (character 3).
\Url@FormatString ...\Url@String \UrlRight \m@th $
                                                  
l.121 \url{http://www.jstatsoft.org/v33/i01/}
                                             \\{}
! \textfont 0 is undefined (character /).
\Url@FormatString ...\Url@String \UrlRight \m@th $
                                                  
l.121 \url{http://www.jstatsoft.org/v33/i01/}
                                             \\{}
! \textfont 0 is undefined (character i).
\Url@FormatString ...\Url@String \UrlRight \m@th $
                                                  
l.121 \url{http://www.jstatsoft.org/v33/i01/}
                                             \\{}
! \textfont 0 is undefined (character 0).
\Url@FormatString ...\Url@String \UrlRight \m@th $
                                                  
l.121 \url{http://www.jstatsoft.org/v33/i01/}
                                             \\{}
! \textfont 0 is undefined (character 1).
\Url@FormatString ...\Url@String \UrlRight \m@th $
                                                  
l.121 \url{http://www.jstatsoft.org/v33/i01/}
                                             \\{}
! \textfont 0 is undefined (character /).
\Url@FormatString ...\Url@String \UrlRight \m@th $
                                                  
l.121 \url{http://www.jstatsoft.org/v33/i01/}
                                             \\{}
! \textfont 0 is undefined (character h).
\Url@FormatString ...\Url@String \UrlRight \m@th $
                                                  
l.126 \url{http://www.jstatsoft.org/v39/i05/}
                                             \\{}
! \textfont 0 is undefined (character t).
\Url@FormatString ...\Url@String \UrlRight \m@th $
                                                  
l.126 \url{http://www.jstatsoft.org/v39/i05/}
                                             \\{}
! \textfont 0 is undefined (character t).
\Url@FormatString ...\Url@String \UrlRight \m@th $
                                                  
l.126 \url{http://www.jstatsoft.org/v39/i05/}
                                             \\{}
! \textfont 0 is undefined (character p).
\Url@FormatString ...\Url@String \UrlRight \m@th $
                                                  
l.126 \url{http://www.jstatsoft.org/v39/i05/}
                                             \\{}
! \textfont 0 is undefined (character :).
\Url@FormatString ...\Url@String \UrlRight \m@th $
                                                  
l.126 \url{http://www.jstatsoft.org/v39/i05/}
                                             \\{}
! \textfont 0 is undefined (character /).
\Url@FormatString ...\Url@String \UrlRight \m@th $
                                                  
l.126 \url{http://www.jstatsoft.org/v39/i05/}
                                             \\{}
! \textfont 0 is undefined (character /).
\Url@FormatString ...\Url@String \UrlRight \m@th $
                                                  
l.126 \url{http://www.jstatsoft.org/v39/i05/}
                                             \\{}
! \textfont 0 is undefined (character w).
\Url@FormatString ...\Url@String \UrlRight \m@th $
                                                  
l.126 \url{http://www.jstatsoft.org/v39/i05/}
                                             \\{}
! \textfont 0 is undefined (character w).
\Url@FormatString ...\Url@String \UrlRight \m@th $
                                                  
l.126 \url{http://www.jstatsoft.org/v39/i05/}
                                             \\{}
! \textfont 0 is undefined (character w).
\Url@FormatString ...\Url@String \UrlRight \m@th $
                                                  
l.126 \url{http://www.jstatsoft.org/v39/i05/}
                                             \\{}
! \textfont 0 is undefined (character .).
\Url@FormatString ...\Url@String \UrlRight \m@th $
                                                  
l.126 \url{http://www.jstatsoft.org/v39/i05/}
                                             \\{}
! \textfont 0 is undefined (character j).
\Url@FormatString ...\Url@String \UrlRight \m@th $
                                                  
l.126 \url{http://www.jstatsoft.org/v39/i05/}
                                             \\{}
! \textfont 0 is undefined (character s).
\Url@FormatString ...\Url@String \UrlRight \m@th $
                                                  
l.126 \url{http://www.jstatsoft.org/v39/i05/}
                                             \\{}
! \textfont 0 is undefined (character t).
\Url@FormatString ...\Url@String \UrlRight \m@th $
                                                  
l.126 \url{http://www.jstatsoft.org/v39/i05/}
                                             \\{}
! \textfont 0 is undefined (character a).
\Url@FormatString ...\Url@String \UrlRight \m@th $
                                                  
l.126 \url{http://www.jstatsoft.org/v39/i05/}
                                             \\{}
! \textfont 0 is undefined (character t).
\Url@FormatString ...\Url@String \UrlRight \m@th $
                                                  
l.126 \url{http://www.jstatsoft.org/v39/i05/}
                                             \\{}
! \textfont 0 is undefined (character s).
\Url@FormatString ...\Url@String \UrlRight \m@th $
                                                  
l.126 \url{http://www.jstatsoft.org/v39/i05/}
                                             \\{}
! \textfont 0 is undefined (character o).
\Url@FormatString ...\Url@String \UrlRight \m@th $
                                                  
l.126 \url{http://www.jstatsoft.org/v39/i05/}
                                             \\{}
(That makes 100 errors; please try again.)
!  ==> Fatal error occurred, no output PDF file produced!
Transcript written on Rd2.log.
Error in texi2dvi(file = file, pdf = TRUE, clean = clean, quiet = quiet,  : 
  unable to run 'pdflatex' on 'Rd2.tex'
Error in running tools::texi2pdf
You may want to clean up by 'rm -rf /tmp/RtmpsbMvZW/Rd2pdf51e262a8d449'
